<?xml version="1.0" encoding="UTF-8"?>
<testng-results skipped="0" failed="0" ignored="0" total="1" passed="1">
  <reporter-output>
  </reporter-output>
  <suite name="Default suite" duration-ms="216" started-at="2022-08-04T06:24:58Z" finished-at="2022-08-04T06:24:59Z">
    <groups>
    </groups>
    <test name="Default test" duration-ms="216" started-at="2022-08-04T06:24:58Z" finished-at="2022-08-04T06:24:59Z">
      <class name="org.login.WindowHandling">
        <test-method status="PASS" signature="size()[pri:0, instance:org.login.WindowHandling@127982]" name="size" duration-ms="60" started-at="2022-08-04T11:54:59Z" finished-at="2022-08-04T11:54:59Z">
          <reporter-output>
          </reporter-output>
        </test-method> <!-- size -->
      </class> <!-- org.login.WindowHandling -->
    </test> <!-- Default test -->
  </suite> <!-- Default suite -->
</testng-results>
